\BOOKMARK [0][-]{chapter.1}{\376\377\000D\000i\000r\000e\000c\000t\000o\000r\000y\000\040\000H\000i\000e\000r\000a\000r\000c\000h\000y}{}
\BOOKMARK [1][-]{section.1.1}{\376\377\000D\000i\000r\000e\000c\000t\000o\000r\000i\000e\000s}{chapter.1}
\BOOKMARK [0][-]{chapter.2}{\376\377\000C\000l\000a\000s\000s\000\040\000I\000n\000d\000e\000x}{}
\BOOKMARK [1][-]{section.2.1}{\376\377\000C\000l\000a\000s\000s\000\040\000L\000i\000s\000t}{chapter.2}
\BOOKMARK [0][-]{chapter.3}{\376\377\000F\000i\000l\000e\000\040\000I\000n\000d\000e\000x}{}
\BOOKMARK [1][-]{section.3.1}{\376\377\000F\000i\000l\000e\000\040\000L\000i\000s\000t}{chapter.3}
\BOOKMARK [0][-]{chapter.4}{\376\377\000D\000i\000r\000e\000c\000t\000o\000r\000y\000\040\000D\000o\000c\000u\000m\000e\000n\000t\000a\000t\000i\000o\000n}{}
\BOOKMARK [1][-]{section.4.1}{\376\377\000p\000r\000j\000/\000\040\000D\000i\000r\000e\000c\000t\000o\000r\000y\000\040\000R\000e\000f\000e\000r\000e\000n\000c\000e}{chapter.4}
\BOOKMARK [0][-]{chapter.5}{\376\377\000C\000l\000a\000s\000s\000\040\000D\000o\000c\000u\000m\000e\000n\000t\000a\000t\000i\000o\000n}{}
\BOOKMARK [1][-]{section.5.1}{\376\377\000e\000l\000e\000m\000e\000n\000t\000\137\000b\000f\000s\000\040\000S\000t\000r\000u\000c\000t\000\040\000R\000e\000f\000e\000r\000e\000n\000c\000e}{chapter.5}
\BOOKMARK [2][-]{subsection.5.1.1}{\376\377\000D\000e\000t\000a\000i\000l\000e\000d\000\040\000D\000e\000s\000c\000r\000i\000p\000t\000i\000o\000n}{section.5.1}
\BOOKMARK [2][-]{subsection.5.1.2}{\376\377\000C\000o\000n\000s\000t\000r\000u\000c\000t\000o\000r\000\040\000\046\000\040\000D\000e\000s\000t\000r\000u\000c\000t\000o\000r\000\040\000D\000o\000c\000u\000m\000e\000n\000t\000a\000t\000i\000o\000n}{section.5.1}
\BOOKMARK [3][-]{subsubsection.5.1.2.1}{\376\377\000e\000l\000e\000m\000e\000n\000t\000\137\000b\000f\000s}{subsection.5.1.2}
\BOOKMARK [2][-]{subsection.5.1.3}{\376\377\000F\000r\000i\000e\000n\000d\000s\000\040\000A\000n\000d\000\040\000R\000e\000l\000a\000t\000e\000d\000\040\000F\000u\000n\000c\000t\000i\000o\000n\000\040\000D\000o\000c\000u\000m\000e\000n\000t\000a\000t\000i\000o\000n}{section.5.1}
\BOOKMARK [3][-]{subsubsection.5.1.3.1}{\376\377\000o\000p\000e\000r\000a\000t\000o\000r\000<\000<}{subsection.5.1.3}
\BOOKMARK [2][-]{subsection.5.1.4}{\376\377\000M\000e\000m\000b\000e\000r\000\040\000D\000a\000t\000a\000\040\000D\000o\000c\000u\000m\000e\000n\000t\000a\000t\000i\000o\000n}{section.5.1}
\BOOKMARK [3][-]{subsubsection.5.1.4.1}{\376\377\000o\000d\000l\000e\000g\000l\000o\000s\000c}{subsection.5.1.4}
\BOOKMARK [3][-]{subsubsection.5.1.4.2}{\376\377\000p\000o\000p\000r\000z\000e\000d\000n\000i}{subsection.5.1.4}
\BOOKMARK [3][-]{subsubsection.5.1.4.3}{\376\377\000s\000t\000a\000n}{subsection.5.1.4}
\BOOKMARK [1][-]{section.5.2}{\376\377\000e\000l\000e\000m\000e\000n\000t\000\137\000d\000f\000s\000\040\000S\000t\000r\000u\000c\000t\000\040\000R\000e\000f\000e\000r\000e\000n\000c\000e}{chapter.5}
\BOOKMARK [2][-]{subsection.5.2.1}{\376\377\000D\000e\000t\000a\000i\000l\000e\000d\000\040\000D\000e\000s\000c\000r\000i\000p\000t\000i\000o\000n}{section.5.2}
\BOOKMARK [2][-]{subsection.5.2.2}{\376\377\000C\000o\000n\000s\000t\000r\000u\000c\000t\000o\000r\000\040\000\046\000\040\000D\000e\000s\000t\000r\000u\000c\000t\000o\000r\000\040\000D\000o\000c\000u\000m\000e\000n\000t\000a\000t\000i\000o\000n}{section.5.2}
\BOOKMARK [3][-]{subsubsection.5.2.2.1}{\376\377\000e\000l\000e\000m\000e\000n\000t\000\137\000d\000f\000s}{subsection.5.2.2}
\BOOKMARK [2][-]{subsection.5.2.3}{\376\377\000F\000r\000i\000e\000n\000d\000s\000\040\000A\000n\000d\000\040\000R\000e\000l\000a\000t\000e\000d\000\040\000F\000u\000n\000c\000t\000i\000o\000n\000\040\000D\000o\000c\000u\000m\000e\000n\000t\000a\000t\000i\000o\000n}{section.5.2}
\BOOKMARK [3][-]{subsubsection.5.2.3.1}{\376\377\000o\000p\000e\000r\000a\000t\000o\000r\000<\000<}{subsection.5.2.3}
\BOOKMARK [2][-]{subsection.5.2.4}{\376\377\000M\000e\000m\000b\000e\000r\000\040\000D\000a\000t\000a\000\040\000D\000o\000c\000u\000m\000e\000n\000t\000a\000t\000i\000o\000n}{section.5.2}
\BOOKMARK [3][-]{subsubsection.5.2.4.1}{\376\377\000p\000o\000p\000r\000z\000e\000d\000n\000i}{subsection.5.2.4}
\BOOKMARK [3][-]{subsubsection.5.2.4.2}{\376\377\000s\000t\000a\000n}{subsection.5.2.4}
\BOOKMARK [1][-]{section.5.3}{\376\377\000g\000r\000a\000f\000\040\000C\000l\000a\000s\000s\000\040\000R\000e\000f\000e\000r\000e\000n\000c\000e}{chapter.5}
\BOOKMARK [2][-]{subsection.5.3.1}{\376\377\000D\000e\000t\000a\000i\000l\000e\000d\000\040\000D\000e\000s\000c\000r\000i\000p\000t\000i\000o\000n}{section.5.3}
\BOOKMARK [2][-]{subsection.5.3.2}{\376\377\000C\000o\000n\000s\000t\000r\000u\000c\000t\000o\000r\000\040\000\046\000\040\000D\000e\000s\000t\000r\000u\000c\000t\000o\000r\000\040\000D\000o\000c\000u\000m\000e\000n\000t\000a\000t\000i\000o\000n}{section.5.3}
\BOOKMARK [3][-]{subsubsection.5.3.2.1}{\376\377\000g\000r\000a\000f}{subsection.5.3.2}
\BOOKMARK [3][-]{subsubsection.5.3.2.2}{\376\377\000g\000r\000a\000f}{subsection.5.3.2}
\BOOKMARK [2][-]{subsection.5.3.3}{\376\377\000M\000e\000m\000b\000e\000r\000\040\000F\000u\000n\000c\000t\000i\000o\000n\000\040\000D\000o\000c\000u\000m\000e\000n\000t\000a\000t\000i\000o\000n}{section.5.3}
\BOOKMARK [3][-]{subsubsection.5.3.3.1}{\376\377\000d\000o\000d\000a\000j\000\137\000p\000o\000l\000a\000c\000z\000e\000n\000i\000e}{subsection.5.3.3}
\BOOKMARK [3][-]{subsubsection.5.3.3.2}{\376\377\000d\000o\000d\000a\000j\000\137\000w\000i\000e\000r\000z\000c\000h\000o\000l\000e\000k}{subsection.5.3.3}
\BOOKMARK [3][-]{subsubsection.5.3.3.3}{\376\377\000d\000o\000d\000a\000j\000\137\000w\000i\000e\000r\000z\000c\000h\000o\000l\000e\000k}{subsection.5.3.3}
\BOOKMARK [3][-]{subsubsection.5.3.3.4}{\376\377\000p\000r\000z\000e\000j\000d\000z\000\137\000b\000f\000s}{subsection.5.3.3}
\BOOKMARK [3][-]{subsubsection.5.3.3.5}{\376\377\000p\000r\000z\000e\000j\000d\000z\000\137\000d\000f\000s}{subsection.5.3.3}
\BOOKMARK [3][-]{subsubsection.5.3.3.6}{\376\377\000s\000p\000r\000a\000w\000d\000z\000\137\000p\000o\000l\000a\000c\000z\000e\000n\000i\000e}{subsection.5.3.3}
\BOOKMARK [3][-]{subsubsection.5.3.3.7}{\376\377\000u\000s\000u\000n\000\137\000p\000o\000l\000a\000c\000z\000e\000n\000i\000e}{subsection.5.3.3}
\BOOKMARK [3][-]{subsubsection.5.3.3.8}{\376\377\000u\000s\000u\000n\000\137\000w\000i\000e\000r\000z\000c\000h\000o\000l\000e\000k}{subsection.5.3.3}
\BOOKMARK [3][-]{subsubsection.5.3.3.9}{\376\377\000w\000r\000o\000z\000m\000i\000a\000r}{subsection.5.3.3}
\BOOKMARK [3][-]{subsubsection.5.3.3.10}{\376\377\000w\000y\000s\000w\000i\000e\000t\000l\000\137\000s\000a\000s\000i\000a\000d\000o\000w}{subsection.5.3.3}
\BOOKMARK [2][-]{subsection.5.3.4}{\376\377\000F\000r\000i\000e\000n\000d\000s\000\040\000A\000n\000d\000\040\000R\000e\000l\000a\000t\000e\000d\000\040\000F\000u\000n\000c\000t\000i\000o\000n\000\040\000D\000o\000c\000u\000m\000e\000n\000t\000a\000t\000i\000o\000n}{section.5.3}
\BOOKMARK [3][-]{subsubsection.5.3.4.1}{\376\377\000b\000f\000s}{subsection.5.3.4}
\BOOKMARK [3][-]{subsubsection.5.3.4.2}{\376\377\000o\000p\000e\000r\000a\000t\000o\000r\000<\000<}{subsection.5.3.4}
\BOOKMARK [2][-]{subsection.5.3.5}{\376\377\000M\000e\000m\000b\000e\000r\000\040\000D\000a\000t\000a\000\040\000D\000o\000c\000u\000m\000e\000n\000t\000a\000t\000i\000o\000n}{section.5.3}
\BOOKMARK [3][-]{subsubsection.5.3.5.1}{\376\377\000i\000l\000o\000s\000c}{subsection.5.3.5}
\BOOKMARK [3][-]{subsubsection.5.3.5.2}{\376\377\000r\000o\000z\000m\000i\000a\000r}{subsection.5.3.5}
\BOOKMARK [3][-]{subsubsection.5.3.5.3}{\376\377\000t\000a\000b\000l\000i\000c\000a}{subsection.5.3.5}
\BOOKMARK [1][-]{section.5.4}{\376\377\000w\000i\000e\000r\000z\000c\000h\000o\000l\000e\000k\000\040\000C\000l\000a\000s\000s\000\040\000R\000e\000f\000e\000r\000e\000n\000c\000e}{chapter.5}
\BOOKMARK [2][-]{subsection.5.4.1}{\376\377\000D\000e\000t\000a\000i\000l\000e\000d\000\040\000D\000e\000s\000c\000r\000i\000p\000t\000i\000o\000n}{section.5.4}
\BOOKMARK [2][-]{subsection.5.4.2}{\376\377\000C\000o\000n\000s\000t\000r\000u\000c\000t\000o\000r\000\040\000\046\000\040\000D\000e\000s\000t\000r\000u\000c\000t\000o\000r\000\040\000D\000o\000c\000u\000m\000e\000n\000t\000a\000t\000i\000o\000n}{section.5.4}
\BOOKMARK [3][-]{subsubsection.5.4.2.1}{\376\377\000w\000i\000e\000r\000z\000c\000h\000o\000l\000e\000k}{subsection.5.4.2}
\BOOKMARK [2][-]{subsection.5.4.3}{\376\377\000F\000r\000i\000e\000n\000d\000s\000\040\000A\000n\000d\000\040\000R\000e\000l\000a\000t\000e\000d\000\040\000F\000u\000n\000c\000t\000i\000o\000n\000\040\000D\000o\000c\000u\000m\000e\000n\000t\000a\000t\000i\000o\000n}{section.5.4}
\BOOKMARK [3][-]{subsubsection.5.4.3.1}{\376\377\000g\000r\000a\000f}{subsection.5.4.3}
\BOOKMARK [3][-]{subsubsection.5.4.3.2}{\376\377\000o\000p\000e\000r\000a\000t\000o\000r\000<\000<}{subsection.5.4.3}
\BOOKMARK [3][-]{subsubsection.5.4.3.3}{\376\377\000o\000p\000e\000r\000a\000t\000o\000r\000>\000>}{subsection.5.4.3}
\BOOKMARK [2][-]{subsection.5.4.4}{\376\377\000M\000e\000m\000b\000e\000r\000\040\000D\000a\000t\000a\000\040\000D\000o\000c\000u\000m\000e\000n\000t\000a\000t\000i\000o\000n}{section.5.4}
\BOOKMARK [3][-]{subsubsection.5.4.4.1}{\376\377\000n\000u\000m\000e\000r}{subsection.5.4.4}
\BOOKMARK [3][-]{subsubsection.5.4.4.2}{\376\377\000p\000o\000l\000a\000c\000z\000e\000n\000i\000a}{subsection.5.4.4}
\BOOKMARK [3][-]{subsubsection.5.4.4.3}{\376\377\000w\000a\000r\000t\000o\000s\000c}{subsection.5.4.4}
\BOOKMARK [3][-]{subsubsection.5.4.4.4}{\376\377\000z\000a\000j\000e\000t\000y}{subsection.5.4.4}
\BOOKMARK [0][-]{chapter.6}{\376\377\000F\000i\000l\000e\000\040\000D\000o\000c\000u\000m\000e\000n\000t\000a\000t\000i\000o\000n}{}
\BOOKMARK [1][-]{section.6.1}{\376\377\000p\000r\000j\000/\000g\000e\000n\000e\000r\000a\000t\000o\000r\000.\000c\000p\000p\000\040\000F\000i\000l\000e\000\040\000R\000e\000f\000e\000r\000e\000n\000c\000e}{chapter.6}
\BOOKMARK [2][-]{subsection.6.1.1}{\376\377\000F\000u\000n\000c\000t\000i\000o\000n\000\040\000D\000o\000c\000u\000m\000e\000n\000t\000a\000t\000i\000o\000n}{section.6.1}
\BOOKMARK [3][-]{subsubsection.6.1.1.1}{\376\377\000g\000e\000n\000e\000r\000u\000j\000\137\000p\000o\000l\000a\000c\000z\000e\000n\000i\000a}{subsection.6.1.1}
\BOOKMARK [3][-]{subsubsection.6.1.1.2}{\376\377\000g\000e\000n\000e\000r\000u\000j\000\137\000w\000i\000e\000r\000z\000c\000h\000o\000l\000k\000i}{subsection.6.1.1}
\BOOKMARK [1][-]{section.6.2}{\376\377\000p\000r\000j\000/\000g\000e\000n\000e\000r\000a\000t\000o\000r\000.\000h\000h\000\040\000F\000i\000l\000e\000\040\000R\000e\000f\000e\000r\000e\000n\000c\000e}{chapter.6}
\BOOKMARK [2][-]{subsection.6.2.1}{\376\377\000F\000u\000n\000c\000t\000i\000o\000n\000\040\000D\000o\000c\000u\000m\000e\000n\000t\000a\000t\000i\000o\000n}{section.6.2}
\BOOKMARK [3][-]{subsubsection.6.2.1.1}{\376\377\000g\000e\000n\000e\000r\000u\000j\000\137\000p\000o\000l\000a\000c\000z\000e\000n\000i\000a}{subsection.6.2.1}
\BOOKMARK [3][-]{subsubsection.6.2.1.2}{\376\377\000g\000e\000n\000e\000r\000u\000j\000\137\000w\000i\000e\000r\000z\000c\000h\000o\000l\000k\000i}{subsection.6.2.1}
\BOOKMARK [1][-]{section.6.3}{\376\377\000p\000r\000j\000/\000g\000r\000a\000f\000.\000c\000p\000p\000\040\000F\000i\000l\000e\000\040\000R\000e\000f\000e\000r\000e\000n\000c\000e}{chapter.6}
\BOOKMARK [2][-]{subsection.6.3.1}{\376\377\000F\000u\000n\000c\000t\000i\000o\000n\000\040\000D\000o\000c\000u\000m\000e\000n\000t\000a\000t\000i\000o\000n}{section.6.3}
\BOOKMARK [3][-]{subsubsection.6.3.1.1}{\376\377\000o\000p\000e\000r\000a\000t\000o\000r\000<\000<}{subsection.6.3.1}
\BOOKMARK [1][-]{section.6.4}{\376\377\000p\000r\000j\000/\000g\000r\000a\000f\000.\000h\000h\000\040\000F\000i\000l\000e\000\040\000R\000e\000f\000e\000r\000e\000n\000c\000e}{chapter.6}
\BOOKMARK [1][-]{section.6.5}{\376\377\000p\000r\000j\000/\000m\000a\000i\000n\000.\000c\000p\000p\000\040\000F\000i\000l\000e\000\040\000R\000e\000f\000e\000r\000e\000n\000c\000e}{chapter.6}
\BOOKMARK [2][-]{subsection.6.5.1}{\376\377\000D\000e\000f\000i\000n\000e\000\040\000D\000o\000c\000u\000m\000e\000n\000t\000a\000t\000i\000o\000n}{section.6.5}
\BOOKMARK [3][-]{subsubsection.6.5.1.1}{\376\377\000R\000O\000Z\000M\000I\000A\000R}{subsection.6.5.1}
\BOOKMARK [2][-]{subsection.6.5.2}{\376\377\000F\000u\000n\000c\000t\000i\000o\000n\000\040\000D\000o\000c\000u\000m\000e\000n\000t\000a\000t\000i\000o\000n}{section.6.5}
\BOOKMARK [3][-]{subsubsection.6.5.2.1}{\376\377\000m\000a\000i\000n}{subsection.6.5.2}
\BOOKMARK [3][-]{subsubsection.6.5.2.2}{\376\377\000m\000e\000n\000u}{subsection.6.5.2}
\BOOKMARK [1][-]{section.6.6}{\376\377\000p\000r\000j\000/\000w\000i\000e\000r\000z\000c\000h\000o\000l\000e\000k\000.\000c\000p\000p\000\040\000F\000i\000l\000e\000\040\000R\000e\000f\000e\000r\000e\000n\000c\000e}{chapter.6}
\BOOKMARK [2][-]{subsection.6.6.1}{\376\377\000F\000u\000n\000c\000t\000i\000o\000n\000\040\000D\000o\000c\000u\000m\000e\000n\000t\000a\000t\000i\000o\000n}{section.6.6}
\BOOKMARK [3][-]{subsubsection.6.6.1.1}{\376\377\000o\000p\000e\000r\000a\000t\000o\000r\000<\000<}{subsection.6.6.1}
\BOOKMARK [3][-]{subsubsection.6.6.1.2}{\376\377\000o\000p\000e\000r\000a\000t\000o\000r\000>\000>}{subsection.6.6.1}
\BOOKMARK [1][-]{section.6.7}{\376\377\000p\000r\000j\000/\000w\000i\000e\000r\000z\000c\000h\000o\000l\000e\000k\000.\000h\000h\000\040\000F\000i\000l\000e\000\040\000R\000e\000f\000e\000r\000e\000n\000c\000e}{chapter.6}
